app/build/intermediates/manifest_merge_blame_file/release/manifest-merger-blame-release-report.txt
1<?xml version="1.0" encoding="utf-8"?>
2<manifest xmlns:android="http://schemas.android.com/apk/res/android"
3    package="com.afghanistan.simcards"
4    android:versionCode="19"
5    android:versionName="5.0.2" >
6
7    <uses-sdk
8        android:minSdkVersion="22"
8-->src/main/AndroidManifest.xml
9        android:targetSdkVersion="33" />
9-->src/main/AndroidManifest.xml
10
11    <uses-permission android:name="android.permission.INTERNET" />
11-->src/main/AndroidManifest.xml:6:2-64
11-->src/main/AndroidManifest.xml:6:19-61
12    <uses-permission android:name="android.permission.ACCESS_NETWORK_STATE" />
12-->src/main/AndroidManifest.xml:7:2-76
12-->src/main/AndroidManifest.xml:7:19-73
13    <uses-permission android:name="android.permission.READ_EXTERNAL_STORAGE" />
13-->src/main/AndroidManifest.xml:8:2-77
13-->src/main/AndroidManifest.xml:8:19-74
14    <uses-permission android:name="android.permission.WRITE_EXTERNAL_STORAGE" />
14-->src/main/AndroidManifest.xml:9:2-78
14-->src/main/AndroidManifest.xml:9:19-75
15    <uses-permission android:name="android.permission.ACCESS_VR_MANAGER" />
15-->src/main/AndroidManifest.xml:10:2-73
15-->src/main/AndroidManifest.xml:10:19-70
16    <uses-permission android:name="android.permission.DEVICE_POWER" />
16-->src/main/AndroidManifest.xml:11:2-68
16-->src/main/AndroidManifest.xml:11:19-65
17    <!-- Android package visibility setting -->
18    <queries>
18-->[com.google.android.gms:play-services-ads-lite:20.1.0] AndroidManifest.xml:27:5-43:15
19
20        <!-- For browser content -->
21        <intent>
21-->[com.google.android.gms:play-services-ads-lite:20.1.0] AndroidManifest.xml:30:9-36:18
22            <action android:name="android.intent.action.VIEW" />
22-->[com.google.android.gms:play-services-ads-lite:20.1.0] AndroidManifest.xml:31:13-65
22-->[com.google.android.gms:play-services-ads-lite:20.1.0] AndroidManifest.xml:31:21-62
23
24            <category android:name="android.intent.category.BROWSABLE" />
24-->[com.google.android.gms:play-services-ads-lite:20.1.0] AndroidManifest.xml:33:13-74
24-->[com.google.android.gms:play-services-ads-lite:20.1.0] AndroidManifest.xml:33:23-71
25
26            <data android:scheme="https" />
26-->[com.google.android.gms:play-services-ads-lite:20.1.0] AndroidManifest.xml:35:13-44
26-->[com.google.android.gms:play-services-ads-lite:20.1.0] AndroidManifest.xml:35:19-41
27        </intent>
28        <!-- End of browser content -->
29        <!-- For CustomTabsService -->
30        <intent>
30-->[com.google.android.gms:play-services-ads-lite:20.1.0] AndroidManifest.xml:39:9-41:18
31            <action android:name="android.support.customtabs.action.CustomTabsService" />
31-->[com.google.android.gms:play-services-ads-lite:20.1.0] AndroidManifest.xml:40:13-90
31-->[com.google.android.gms:play-services-ads-lite:20.1.0] AndroidManifest.xml:40:21-87
32        </intent>
33        <!-- End of CustomTabsService -->
34    </queries>
35
36    <uses-permission android:name="android.permission.WAKE_LOCK" />
36-->[androidx.work:work-runtime:2.7.0-alpha05] AndroidManifest.xml:25:5-68
36-->[androidx.work:work-runtime:2.7.0-alpha05] AndroidManifest.xml:25:22-65
37    <uses-permission android:name="android.permission.RECEIVE_BOOT_COMPLETED" />
37-->[androidx.work:work-runtime:2.7.0-alpha05] AndroidManifest.xml:27:5-81
37-->[androidx.work:work-runtime:2.7.0-alpha05] AndroidManifest.xml:27:22-78
38    <uses-permission android:name="android.permission.FOREGROUND_SERVICE" />
38-->[androidx.work:work-runtime:2.7.0-alpha05] AndroidManifest.xml:28:5-77
38-->[androidx.work:work-runtime:2.7.0-alpha05] AndroidManifest.xml:28:22-74
39
40    <application
40-->src/main/AndroidManifest.xml:12:2-380:16
41        android:allowBackup="true"
41-->src/main/AndroidManifest.xml:13:3-29
42        android:appComponentFactory="androidx.core.app.CoreComponentFactory"
42-->[androidx.core:core:1.7.0] AndroidManifest.xml:24:18-86
43        android:configChanges="locale"
43-->src/main/AndroidManifest.xml:21:3-33
44        android:icon="@drawable/app_icon"
44-->src/main/AndroidManifest.xml:14:3-36
45        android:label="@string/app_name"
45-->src/main/AndroidManifest.xml:15:3-35
46        android:requestLegacyExternalStorage="true"
46-->src/main/AndroidManifest.xml:16:3-46
47        android:supportsRtl="false"
47-->src/main/AndroidManifest.xml:19:9-36
48        android:theme="@style/AppTheme"
48-->src/main/AndroidManifest.xml:18:3-34
49        android:usesCleartextTraffic="true" >
49-->src/main/AndroidManifest.xml:17:3-38
50        <activity
50-->src/main/AndroidManifest.xml:22:3-35:14
51            android:name="com.afghanistan.simcards.MainActivity"
51-->src/main/AndroidManifest.xml:23:4-32
52            android:configChanges="orientation|screenSize|keyboardHidden|smallestScreenSize|screenLayout"
52-->src/main/AndroidManifest.xml:24:4-97
53            android:exported="true"
53-->src/main/AndroidManifest.xml:30:4-27
54            android:hardwareAccelerated="true"
54-->src/main/AndroidManifest.xml:25:4-38
55            android:screenOrientation="portrait"
55-->src/main/AndroidManifest.xml:27:4-40
56            android:supportsPictureInPicture="true"
56-->src/main/AndroidManifest.xml:26:4-43
57            android:theme="@style/AppTheme"
57-->src/main/AndroidManifest.xml:28:4-35
58            android:windowSoftInputMode="stateHidden" >
58-->src/main/AndroidManifest.xml:29:4-45
59            <intent-filter>
59-->src/main/AndroidManifest.xml:31:4-34:20
60                <action android:name="android.intent.action.MAIN" />
60-->src/main/AndroidManifest.xml:32:5-57
60-->src/main/AndroidManifest.xml:32:13-54
61
62                <category android:name="android.intent.category.LAUNCHER" />
62-->src/main/AndroidManifest.xml:33:5-65
62-->src/main/AndroidManifest.xml:33:15-62
63            </intent-filter>
64        </activity>
65        <activity
65-->src/main/AndroidManifest.xml:36:3-44:30
66            android:name="com.afghanistan.simcards.Afghan1pageActivity"
66-->src/main/AndroidManifest.xml:37:4-39
67            android:configChanges="orientation|screenSize|keyboardHidden|smallestScreenSize|screenLayout"
67-->src/main/AndroidManifest.xml:38:4-97
68            android:exported="true"
68-->src/main/AndroidManifest.xml:44:4-27
69            android:hardwareAccelerated="true"
69-->src/main/AndroidManifest.xml:39:4-38
70            android:screenOrientation="portrait"
70-->src/main/AndroidManifest.xml:41:4-40
71            android:supportsPictureInPicture="true"
71-->src/main/AndroidManifest.xml:40:4-43
72            android:theme="@style/AppTheme"
72-->src/main/AndroidManifest.xml:42:4-35
73            android:windowSoftInputMode="stateHidden" />
73-->src/main/AndroidManifest.xml:43:4-45
74        <activity
74-->src/main/AndroidManifest.xml:45:3-53:30
75            android:name="com.afghanistan.simcards.Etisalat1pageActivity"
75-->src/main/AndroidManifest.xml:46:4-41
76            android:configChanges="orientation|screenSize|keyboardHidden|smallestScreenSize|screenLayout"
76-->src/main/AndroidManifest.xml:47:4-97
77            android:exported="true"
77-->src/main/AndroidManifest.xml:53:4-27
78            android:hardwareAccelerated="true"
78-->src/main/AndroidManifest.xml:48:4-38
79            android:screenOrientation="portrait"
79-->src/main/AndroidManifest.xml:50:4-40
80            android:supportsPictureInPicture="true"
80-->src/main/AndroidManifest.xml:49:4-43
81            android:theme="@style/AppTheme"
81-->src/main/AndroidManifest.xml:51:4-35
82            android:windowSoftInputMode="stateHidden" />
82-->src/main/AndroidManifest.xml:52:4-45
83        <activity
83-->src/main/AndroidManifest.xml:54:3-62:30
84            android:name="com.afghanistan.simcards.Roshan1pageActivity"
84-->src/main/AndroidManifest.xml:55:4-39
85            android:configChanges="orientation|screenSize|keyboardHidden|smallestScreenSize|screenLayout"
85-->src/main/AndroidManifest.xml:56:4-97
86            android:exported="true"
86-->src/main/AndroidManifest.xml:62:4-27
87            android:hardwareAccelerated="true"
87-->src/main/AndroidManifest.xml:57:4-38
88            android:screenOrientation="portrait"
88-->src/main/AndroidManifest.xml:59:4-40
89            android:supportsPictureInPicture="true"
89-->src/main/AndroidManifest.xml:58:4-43
90            android:theme="@style/AppTheme"
90-->src/main/AndroidManifest.xml:60:4-35
91            android:windowSoftInputMode="stateHidden" />
91-->src/main/AndroidManifest.xml:61:4-45
92        <activity
92-->src/main/AndroidManifest.xml:63:3-71:30
93            android:name="com.afghanistan.simcards.Mtn1pageActivity"
93-->src/main/AndroidManifest.xml:64:4-36
94            android:configChanges="orientation|screenSize|keyboardHidden|smallestScreenSize|screenLayout"
94-->src/main/AndroidManifest.xml:65:4-97
95            android:exported="true"
95-->src/main/AndroidManifest.xml:71:4-27
96            android:hardwareAccelerated="true"
96-->src/main/AndroidManifest.xml:66:4-38
97            android:screenOrientation="portrait"
97-->src/main/AndroidManifest.xml:68:4-40
98            android:supportsPictureInPicture="true"
98-->src/main/AndroidManifest.xml:67:4-43
99            android:theme="@style/AppTheme"
99-->src/main/AndroidManifest.xml:69:4-35
100            android:windowSoftInputMode="stateHidden" />
100-->src/main/AndroidManifest.xml:70:4-45
101        <activity
101-->src/main/AndroidManifest.xml:72:3-80:30
102            android:name="com.afghanistan.simcards.Salaam1pageActivity"
102-->src/main/AndroidManifest.xml:73:4-39
103            android:configChanges="orientation|screenSize|keyboardHidden|smallestScreenSize|screenLayout"
103-->src/main/AndroidManifest.xml:74:4-97
104            android:exported="true"
104-->src/main/AndroidManifest.xml:80:4-27
105            android:hardwareAccelerated="true"
105-->src/main/AndroidManifest.xml:75:4-38
106            android:screenOrientation="portrait"
106-->src/main/AndroidManifest.xml:77:4-40
107            android:supportsPictureInPicture="true"
107-->src/main/AndroidManifest.xml:76:4-43
108            android:theme="@style/AppTheme"
108-->src/main/AndroidManifest.xml:78:4-35
109            android:windowSoftInputMode="stateHidden" />
109-->src/main/AndroidManifest.xml:79:4-45
110        <activity
110-->src/main/AndroidManifest.xml:81:3-89:30
111            android:name="com.afghanistan.simcards.HomeActivity"
111-->src/main/AndroidManifest.xml:82:4-32
112            android:configChanges="orientation|screenSize|keyboardHidden|smallestScreenSize|screenLayout"
112-->src/main/AndroidManifest.xml:83:4-97
113            android:exported="true"
113-->src/main/AndroidManifest.xml:89:4-27
114            android:hardwareAccelerated="true"
114-->src/main/AndroidManifest.xml:84:4-38
115            android:screenOrientation="portrait"
115-->src/main/AndroidManifest.xml:86:4-40
116            android:supportsPictureInPicture="true"
116-->src/main/AndroidManifest.xml:85:4-43
117            android:theme="@style/AppTheme"
117-->src/main/AndroidManifest.xml:87:4-35
118            android:windowSoftInputMode="stateHidden" />
118-->src/main/AndroidManifest.xml:88:4-45
119        <activity
119-->src/main/AndroidManifest.xml:90:3-98:30
120            android:name="com.afghanistan.simcards.SalaamdatapageActivity"
120-->src/main/AndroidManifest.xml:91:4-42
121            android:configChanges="orientation|screenSize|keyboardHidden|smallestScreenSize|screenLayout"
121-->src/main/AndroidManifest.xml:92:4-97
122            android:exported="true"
122-->src/main/AndroidManifest.xml:98:4-27
123            android:hardwareAccelerated="true"
123-->src/main/AndroidManifest.xml:93:4-38
124            android:screenOrientation="portrait"
124-->src/main/AndroidManifest.xml:95:4-40
125            android:supportsPictureInPicture="true"
125-->src/main/AndroidManifest.xml:94:4-43
126            android:theme="@style/AppTheme"
126-->src/main/AndroidManifest.xml:96:4-35
127            android:windowSoftInputMode="stateHidden" />
127-->src/main/AndroidManifest.xml:97:4-45
128        <activity
128-->src/main/AndroidManifest.xml:99:3-107:30
129            android:name="com.afghanistan.simcards.Afgdatapage1Activity"
129-->src/main/AndroidManifest.xml:100:4-40
130            android:configChanges="orientation|screenSize|keyboardHidden|smallestScreenSize|screenLayout"
130-->src/main/AndroidManifest.xml:101:4-97
131            android:exported="true"
131-->src/main/AndroidManifest.xml:107:4-27
132            android:hardwareAccelerated="true"
132-->src/main/AndroidManifest.xml:102:4-38
133            android:screenOrientation="portrait"
133-->src/main/AndroidManifest.xml:104:4-40
134            android:supportsPictureInPicture="true"
134-->src/main/AndroidManifest.xml:103:4-43
135            android:theme="@style/AppTheme"
135-->src/main/AndroidManifest.xml:105:4-35
136            android:windowSoftInputMode="stateHidden" />
136-->src/main/AndroidManifest.xml:106:4-45
137        <activity
137-->src/main/AndroidManifest.xml:108:3-116:30
138            android:name="com.afghanistan.simcards.Etid1Activity"
138-->src/main/AndroidManifest.xml:109:4-33
139            android:configChanges="orientation|screenSize|keyboardHidden|smallestScreenSize|screenLayout"
139-->src/main/AndroidManifest.xml:110:4-97
140            android:exported="true"
140-->src/main/AndroidManifest.xml:116:4-27
141            android:hardwareAccelerated="true"
141-->src/main/AndroidManifest.xml:111:4-38
142            android:screenOrientation="portrait"
142-->src/main/AndroidManifest.xml:113:4-40
143            android:supportsPictureInPicture="true"
143-->src/main/AndroidManifest.xml:112:4-43
144            android:theme="@style/AppTheme"
144-->src/main/AndroidManifest.xml:114:4-35
145            android:windowSoftInputMode="stateHidden" />
145-->src/main/AndroidManifest.xml:115:4-45
146        <activity
146-->src/main/AndroidManifest.xml:117:3-125:30
147            android:name="com.afghanistan.simcards.Rosd1Activity"
147-->src/main/AndroidManifest.xml:118:4-33
148            android:configChanges="orientation|screenSize|keyboardHidden|smallestScreenSize|screenLayout"
148-->src/main/AndroidManifest.xml:119:4-97
149            android:exported="true"
149-->src/main/AndroidManifest.xml:125:4-27
150            android:hardwareAccelerated="true"
150-->src/main/AndroidManifest.xml:120:4-38
151            android:screenOrientation="portrait"
151-->src/main/AndroidManifest.xml:122:4-40
152            android:supportsPictureInPicture="true"
152-->src/main/AndroidManifest.xml:121:4-43
153            android:theme="@style/AppTheme"
153-->src/main/AndroidManifest.xml:123:4-35
154            android:windowSoftInputMode="stateHidden" />
154-->src/main/AndroidManifest.xml:124:4-45
155        <activity
155-->src/main/AndroidManifest.xml:126:3-134:30
156            android:name="com.afghanistan.simcards.Mtd1Activity"
156-->src/main/AndroidManifest.xml:127:4-32
157            android:configChanges="orientation|screenSize|keyboardHidden|smallestScreenSize|screenLayout"
157-->src/main/AndroidManifest.xml:128:4-97
158            android:exported="true"
158-->src/main/AndroidManifest.xml:134:4-27
159            android:hardwareAccelerated="true"
159-->src/main/AndroidManifest.xml:129:4-38
160            android:screenOrientation="portrait"
160-->src/main/AndroidManifest.xml:131:4-40
161            android:supportsPictureInPicture="true"
161-->src/main/AndroidManifest.xml:130:4-43
162            android:theme="@style/AppTheme"
162-->src/main/AndroidManifest.xml:132:4-35
163            android:windowSoftInputMode="stateHidden" />
163-->src/main/AndroidManifest.xml:133:4-45
164        <activity
164-->src/main/AndroidManifest.xml:135:3-143:30
165            android:name="com.afghanistan.simcards.AfgmeActivity"
165-->src/main/AndroidManifest.xml:136:4-33
166            android:configChanges="orientation|screenSize|keyboardHidden|smallestScreenSize|screenLayout"
166-->src/main/AndroidManifest.xml:137:4-97
167            android:exported="true"
167-->src/main/AndroidManifest.xml:143:4-27
168            android:hardwareAccelerated="true"
168-->src/main/AndroidManifest.xml:138:4-38
169            android:screenOrientation="portrait"
169-->src/main/AndroidManifest.xml:140:4-40
170            android:supportsPictureInPicture="true"
170-->src/main/AndroidManifest.xml:139:4-43
171            android:theme="@style/AppTheme"
171-->src/main/AndroidManifest.xml:141:4-35
172            android:windowSoftInputMode="stateHidden" />
172-->src/main/AndroidManifest.xml:142:4-45
173        <activity
173-->src/main/AndroidManifest.xml:144:3-152:30
174            android:name="com.afghanistan.simcards.AfgmessageActivity"
174-->src/main/AndroidManifest.xml:145:4-38
175            android:configChanges="orientation|screenSize|keyboardHidden|smallestScreenSize|screenLayout"
175-->src/main/AndroidManifest.xml:146:4-97
176            android:exported="true"
176-->src/main/AndroidManifest.xml:152:4-27
177            android:hardwareAccelerated="true"
177-->src/main/AndroidManifest.xml:147:4-38
178            android:screenOrientation="portrait"
178-->src/main/AndroidManifest.xml:149:4-40
179            android:supportsPictureInPicture="true"
179-->src/main/AndroidManifest.xml:148:4-43
180            android:theme="@style/AppTheme"
180-->src/main/AndroidManifest.xml:150:4-35
181            android:windowSoftInputMode="stateHidden" />
181-->src/main/AndroidManifest.xml:151:4-45
182        <activity
182-->src/main/AndroidManifest.xml:153:3-161:30
183            android:name="com.afghanistan.simcards.AfginterActivity"
183-->src/main/AndroidManifest.xml:154:4-36
184            android:configChanges="orientation|screenSize|keyboardHidden|smallestScreenSize|screenLayout"
184-->src/main/AndroidManifest.xml:155:4-97
185            android:exported="true"
185-->src/main/AndroidManifest.xml:161:4-27
186            android:hardwareAccelerated="true"
186-->src/main/AndroidManifest.xml:156:4-38
187            android:screenOrientation="portrait"
187-->src/main/AndroidManifest.xml:158:4-40
188            android:supportsPictureInPicture="true"
188-->src/main/AndroidManifest.xml:157:4-43
189            android:theme="@style/AppTheme"
189-->src/main/AndroidManifest.xml:159:4-35
190            android:windowSoftInputMode="stateHidden" />
190-->src/main/AndroidManifest.xml:160:4-45
191        <activity
191-->src/main/AndroidManifest.xml:162:3-170:30
192            android:name="com.afghanistan.simcards.EtimessActivity"
192-->src/main/AndroidManifest.xml:163:4-35
193            android:configChanges="orientation|screenSize|keyboardHidden|smallestScreenSize|screenLayout"
193-->src/main/AndroidManifest.xml:164:4-97
194            android:exported="true"
194-->src/main/AndroidManifest.xml:170:4-27
195            android:hardwareAccelerated="true"
195-->src/main/AndroidManifest.xml:165:4-38
196            android:screenOrientation="portrait"
196-->src/main/AndroidManifest.xml:167:4-40
197            android:supportsPictureInPicture="true"
197-->src/main/AndroidManifest.xml:166:4-43
198            android:theme="@style/AppTheme"
198-->src/main/AndroidManifest.xml:168:4-35
199            android:windowSoftInputMode="stateHidden" />
199-->src/main/AndroidManifest.xml:169:4-45
200        <activity
200-->src/main/AndroidManifest.xml:171:3-179:30
201            android:name="com.afghanistan.simcards.EticallActivity"
201-->src/main/AndroidManifest.xml:172:4-35
202            android:configChanges="orientation|screenSize|keyboardHidden|smallestScreenSize|screenLayout"
202-->src/main/AndroidManifest.xml:173:4-97
203            android:exported="true"
203-->src/main/AndroidManifest.xml:179:4-27
204            android:hardwareAccelerated="true"
204-->src/main/AndroidManifest.xml:174:4-38
205            android:screenOrientation="portrait"
205-->src/main/AndroidManifest.xml:176:4-40
206            android:supportsPictureInPicture="true"
206-->src/main/AndroidManifest.xml:175:4-43
207            android:theme="@style/AppTheme"
207-->src/main/AndroidManifest.xml:177:4-35
208            android:windowSoftInputMode="stateHidden" />
208-->src/main/AndroidManifest.xml:178:4-45
209        <activity
209-->src/main/AndroidManifest.xml:180:3-188:30
210            android:name="com.afghanistan.simcards.EtiinterActivity"
210-->src/main/AndroidManifest.xml:181:4-36
211            android:configChanges="orientation|screenSize|keyboardHidden|smallestScreenSize|screenLayout"
211-->src/main/AndroidManifest.xml:182:4-97
212            android:exported="true"
212-->src/main/AndroidManifest.xml:188:4-27
213            android:hardwareAccelerated="true"
213-->src/main/AndroidManifest.xml:183:4-38
214            android:screenOrientation="portrait"
214-->src/main/AndroidManifest.xml:185:4-40
215            android:supportsPictureInPicture="true"
215-->src/main/AndroidManifest.xml:184:4-43
216            android:theme="@style/AppTheme"
216-->src/main/AndroidManifest.xml:186:4-35
217            android:windowSoftInputMode="stateHidden" />
217-->src/main/AndroidManifest.xml:187:4-45
218        <activity
218-->src/main/AndroidManifest.xml:189:3-197:30
219            android:name="com.afghanistan.simcards.RoshmessActivity"
219-->src/main/AndroidManifest.xml:190:4-36
220            android:configChanges="orientation|screenSize|keyboardHidden|smallestScreenSize|screenLayout"
220-->src/main/AndroidManifest.xml:191:4-97
221            android:exported="true"
221-->src/main/AndroidManifest.xml:197:4-27
222            android:hardwareAccelerated="true"
222-->src/main/AndroidManifest.xml:192:4-38
223            android:screenOrientation="portrait"
223-->src/main/AndroidManifest.xml:194:4-40
224            android:supportsPictureInPicture="true"
224-->src/main/AndroidManifest.xml:193:4-43
225            android:theme="@style/AppTheme"
225-->src/main/AndroidManifest.xml:195:4-35
226            android:windowSoftInputMode="stateHidden" />
226-->src/main/AndroidManifest.xml:196:4-45
227        <activity
227-->src/main/AndroidManifest.xml:198:3-206:30
228            android:name="com.afghanistan.simcards.RoshcallActivity"
228-->src/main/AndroidManifest.xml:199:4-36
229            android:configChanges="orientation|screenSize|keyboardHidden|smallestScreenSize|screenLayout"
229-->src/main/AndroidManifest.xml:200:4-97
230            android:exported="true"
230-->src/main/AndroidManifest.xml:206:4-27
231            android:hardwareAccelerated="true"
231-->src/main/AndroidManifest.xml:201:4-38
232            android:screenOrientation="portrait"
232-->src/main/AndroidManifest.xml:203:4-40
233            android:supportsPictureInPicture="true"
233-->src/main/AndroidManifest.xml:202:4-43
234            android:theme="@style/AppTheme"
234-->src/main/AndroidManifest.xml:204:4-35
235            android:windowSoftInputMode="stateHidden" />
235-->src/main/AndroidManifest.xml:205:4-45
236        <activity
236-->src/main/AndroidManifest.xml:207:3-215:30
237            android:name="com.afghanistan.simcards.RoshinterActivity"
237-->src/main/AndroidManifest.xml:208:4-37
238            android:configChanges="orientation|screenSize|keyboardHidden|smallestScreenSize|screenLayout"
238-->src/main/AndroidManifest.xml:209:4-97
239            android:exported="true"
239-->src/main/AndroidManifest.xml:215:4-27
240            android:hardwareAccelerated="true"
240-->src/main/AndroidManifest.xml:210:4-38
241            android:screenOrientation="portrait"
241-->src/main/AndroidManifest.xml:212:4-40
242            android:supportsPictureInPicture="true"
242-->src/main/AndroidManifest.xml:211:4-43
243            android:theme="@style/AppTheme"
243-->src/main/AndroidManifest.xml:213:4-35
244            android:windowSoftInputMode="stateHidden" />
244-->src/main/AndroidManifest.xml:214:4-45
245        <activity
245-->src/main/AndroidManifest.xml:216:3-224:30
246            android:name="com.afghanistan.simcards.MtmessActivity"
246-->src/main/AndroidManifest.xml:217:4-34
247            android:configChanges="orientation|screenSize|keyboardHidden|smallestScreenSize|screenLayout"
247-->src/main/AndroidManifest.xml:218:4-97
248            android:exported="true"
248-->src/main/AndroidManifest.xml:224:4-27
249            android:hardwareAccelerated="true"
249-->src/main/AndroidManifest.xml:219:4-38
250            android:screenOrientation="portrait"
250-->src/main/AndroidManifest.xml:221:4-40
251            android:supportsPictureInPicture="true"
251-->src/main/AndroidManifest.xml:220:4-43
252            android:theme="@style/AppTheme"
252-->src/main/AndroidManifest.xml:222:4-35
253            android:windowSoftInputMode="stateHidden" />
253-->src/main/AndroidManifest.xml:223:4-45
254        <activity
254-->src/main/AndroidManifest.xml:225:3-233:30
255            android:name="com.afghanistan.simcards.MtcallActivity"
255-->src/main/AndroidManifest.xml:226:4-34
256            android:configChanges="orientation|screenSize|keyboardHidden|smallestScreenSize|screenLayout"
256-->src/main/AndroidManifest.xml:227:4-97
257            android:exported="true"
257-->src/main/AndroidManifest.xml:233:4-27
258            android:hardwareAccelerated="true"
258-->src/main/AndroidManifest.xml:228:4-38
259            android:screenOrientation="portrait"
259-->src/main/AndroidManifest.xml:230:4-40
260            android:supportsPictureInPicture="true"
260-->src/main/AndroidManifest.xml:229:4-43
261            android:theme="@style/AppTheme"
261-->src/main/AndroidManifest.xml:231:4-35
262            android:windowSoftInputMode="stateHidden" />
262-->src/main/AndroidManifest.xml:232:4-45
263        <activity
263-->src/main/AndroidManifest.xml:234:3-242:30
264            android:name="com.afghanistan.simcards.MtnjnterActivity"
264-->src/main/AndroidManifest.xml:235:4-36
265            android:configChanges="orientation|screenSize|keyboardHidden|smallestScreenSize|screenLayout"
265-->src/main/AndroidManifest.xml:236:4-97
266            android:exported="true"
266-->src/main/AndroidManifest.xml:242:4-27
267            android:hardwareAccelerated="true"
267-->src/main/AndroidManifest.xml:237:4-38
268            android:screenOrientation="portrait"
268-->src/main/AndroidManifest.xml:239:4-40
269            android:supportsPictureInPicture="true"
269-->src/main/AndroidManifest.xml:238:4-43
270            android:theme="@style/AppTheme"
270-->src/main/AndroidManifest.xml:240:4-35
271            android:windowSoftInputMode="stateHidden" />
271-->src/main/AndroidManifest.xml:241:4-45
272        <activity
272-->src/main/AndroidManifest.xml:243:3-251:30
273            android:name="com.afghanistan.simcards.SallmessActivity"
273-->src/main/AndroidManifest.xml:244:4-36
274            android:configChanges="orientation|screenSize|keyboardHidden|smallestScreenSize|screenLayout"
274-->src/main/AndroidManifest.xml:245:4-97
275            android:exported="true"
275-->src/main/AndroidManifest.xml:251:4-27
276            android:hardwareAccelerated="true"
276-->src/main/AndroidManifest.xml:246:4-38
277            android:screenOrientation="portrait"
277-->src/main/AndroidManifest.xml:248:4-40
278            android:supportsPictureInPicture="true"
278-->src/main/AndroidManifest.xml:247:4-43
279            android:theme="@style/AppTheme"
279-->src/main/AndroidManifest.xml:249:4-35
280            android:windowSoftInputMode="stateHidden" />
280-->src/main/AndroidManifest.xml:250:4-45
281        <activity
281-->src/main/AndroidManifest.xml:252:3-260:30
282            android:name="com.afghanistan.simcards.SallcallActivity"
282-->src/main/AndroidManifest.xml:253:4-36
283            android:configChanges="orientation|screenSize|keyboardHidden|smallestScreenSize|screenLayout"
283-->src/main/AndroidManifest.xml:254:4-97
284            android:exported="true"
284-->src/main/AndroidManifest.xml:260:4-27
285            android:hardwareAccelerated="true"
285-->src/main/AndroidManifest.xml:255:4-38
286            android:screenOrientation="portrait"
286-->src/main/AndroidManifest.xml:257:4-40
287            android:supportsPictureInPicture="true"
287-->src/main/AndroidManifest.xml:256:4-43
288            android:theme="@style/AppTheme"
288-->src/main/AndroidManifest.xml:258:4-35
289            android:windowSoftInputMode="stateHidden" />
289-->src/main/AndroidManifest.xml:259:4-45
290        <activity
290-->src/main/AndroidManifest.xml:261:3-269:30
291            android:name="com.afghanistan.simcards.SalinterActivity"
291-->src/main/AndroidManifest.xml:262:4-36
292            android:configChanges="orientation|screenSize|keyboardHidden|smallestScreenSize|screenLayout"
292-->src/main/AndroidManifest.xml:263:4-97
293            android:exported="true"
293-->src/main/AndroidManifest.xml:269:4-27
294            android:hardwareAccelerated="true"
294-->src/main/AndroidManifest.xml:264:4-38
295            android:screenOrientation="portrait"
295-->src/main/AndroidManifest.xml:266:4-40
296            android:supportsPictureInPicture="true"
296-->src/main/AndroidManifest.xml:265:4-43
297            android:theme="@style/AppTheme"
297-->src/main/AndroidManifest.xml:267:4-35
298            android:windowSoftInputMode="stateHidden" />
298-->src/main/AndroidManifest.xml:268:4-45
299        <activity
299-->src/main/AndroidManifest.xml:270:3-278:30
300            android:name="com.afghanistan.simcards.AfgsettActivity"
300-->src/main/AndroidManifest.xml:271:4-35
301            android:configChanges="orientation|screenSize|keyboardHidden|smallestScreenSize|screenLayout"
301-->src/main/AndroidManifest.xml:272:4-97
302            android:exported="true"
302-->src/main/AndroidManifest.xml:278:4-27
303            android:hardwareAccelerated="true"
303-->src/main/AndroidManifest.xml:273:4-38
304            android:screenOrientation="portrait"
304-->src/main/AndroidManifest.xml:275:4-40
305            android:supportsPictureInPicture="true"
305-->src/main/AndroidManifest.xml:274:4-43